01/12 09:38:51 [DEBUG] [9908] [COMPS.Data.SerializableEntity] OutputFileMetadata --> {'Id': '_internal_id', 'Length': 'length', 'FriendlyName': 'friendly_name', 'PathFromRoot': 'path_from_root', 'Url': 'url', 'MimeType': 'mime_type'}
01/12 09:38:51 [DEBUG] [9908] [COMPS.Data.SerializableEntity] AssetFile --> {'FileName': 'file_name', 'MD5Checksum': 'md5_checksum', 'Length': 'length', 'Uri': 'uri'}
01/12 09:38:51 [DEBUG] [9908] [COMPS.Data.SerializableEntity] AssetCollectionFile --> {'RelativePath': 'relative_path', 'Tags': 'tags', 'FileName': 'file_name', 'MD5Checksum': 'md5_checksum', 'Length': 'length', 'Uri': 'uri'}
01/12 09:38:51 [DEBUG] [9908] [COMPS.Data.SerializableEntity] AssetCollection --> {'Id': 'id', 'DateCreated': 'date_created', 'Tags': 'tags', 'Assets': 'assets'}
01/12 09:38:51 [DEBUG] [9908] [COMPS.Data.SerializableEntity] Configuration --> {'EnvironmentName': 'environment_name', 'SimulationInputArgs': 'simulation_input_args', 'WorkingDirectoryRoot': 'working_directory_root', 'ExecutablePath': 'executable_path', 'NodeGroupName': 'node_group_name', 'MaximumNumberOfRetries': 'maximum_number_of_retries', 'Priority': 'priority', 'MinCores': 'min_cores', 'MaxCores': 'max_cores', 'Exclusive': 'exclusive', 'AssetCollectionId': 'asset_collection_id'}
01/12 09:38:51 [DEBUG] [9908] [COMPS.Data.SerializableEntity] SimulationFile --> {'FileType': 'file_type', 'Description': 'description', 'FileName': 'file_name', 'MD5Checksum': 'md5_checksum', 'Length': 'length', 'Uri': 'uri'}
01/12 09:38:51 [DEBUG] [9908] [COMPS.Data.SerializableEntity] WorkItemFile --> {'FileType': 'file_type', 'Description': 'description', 'FileName': 'file_name', 'MD5Checksum': 'md5_checksum', 'Length': 'length', 'Uri': 'uri'}
01/12 09:38:51 [DEBUG] [9908] [COMPS.Data.SerializableEntity] HpcJob --> {'Id': '_internal_id', 'JobId': 'job_id', 'JobState': 'job_state', 'Priority': 'priority', 'WorkingDirectory': 'working_directory', 'OutputDirectorySize': 'output_directory_size', 'SubmitTime': 'submit_time', 'StartTime': 'start_time', 'EndTime': 'end_time', 'ErrorMessage': 'error_message', 'Configuration': 'configuration'}
01/12 09:38:51 [DEBUG] [9908] [COMPS.Data.SerializableEntity] Simulation --> {'Id': 'id', 'ExperimentId': 'experiment_id', 'Name': 'name', 'Description': 'description', 'Owner': 'owner', 'DateCreated': 'date_created', 'LastModified': 'last_modified', 'SimulationState': 'state', 'ErrorMessage': 'error_message', 'Tags': 'tags', 'Configuration': 'configuration', 'Files': 'files', 'HPCJobs': 'hpc_jobs'}
01/12 09:38:51 [DEBUG] [9908] [COMPS.Data.SerializableEntity] Experiment --> {'Id': 'id', 'SuiteId': 'suite_id', 'Name': 'name', 'Description': 'description', 'Owner': 'owner', 'DateCreated': 'date_created', 'LastModified': 'last_modified', 'Tags': 'tags', 'Configuration': 'configuration'}
01/12 09:38:51 [DEBUG] [9908] [COMPS.Data.SerializableEntity] Suite --> {'Id': 'id', 'Name': 'name', 'Description': 'description', 'Owner': 'owner', 'DateCreated': 'date_created', 'LastModified': 'last_modified', 'Tags': 'tags', 'Configuration': 'configuration'}
01/12 09:38:51 [DEBUG] [9908] [COMPS.Data.SerializableEntity] WorkItem --> {'Id': 'id', 'Name': 'name', 'Worker': 'worker', 'EnvironmentName': 'environment_name', 'Description': 'description', 'Owner': 'owner', 'DateCreated': 'date_created', 'LastModified': 'last_modified', 'State': 'state', 'ErrorMessage': 'error_message', 'HostName': 'host_name', 'WorkerInstanceId': 'worker_instance_id', 'WorkItemPriority': 'priority', 'WorkingDirectory': 'working_directory', 'WorkingDirectorySize': 'working_directory_size', 'AssetCollectionId': 'asset_collection_id', 'Tags': 'tags', 'Files': 'files', 'Plugins': 'plugins'}
01/12 09:38:52 [DEBUG] [9908] [COMPS.Client] Parsed login host: ('https', 'comps.idmod.org', None)
01/12 09:38:52 [DEBUG] [9908] [COMPS.Client] REQUEST -> GET https://comps.idmod.org/api/Simulations {'fields': 'Id', 'filters': 'SimulationState=0,ExperimentId=2d45dc01-fd54-eb11-a2dd-c4346bcb7271', 'count': 100000}
01/12 09:38:52 [DEBUG] [9908] [COMPS.Client] REQUEST -> GET https://comps.idmod.org/api/Simulations {'fields': 'Id,SimulationState', 'filters': 'ExperimentId=2d45dc01-fd54-eb11-a2dd-c4346bcb7271', 'count': 100000}
01/12 09:38:57 [DEBUG] [9908] [COMPS.Client] REQUEST -> GET https://comps.idmod.org/api/Simulations {'fields': 'Id,SimulationState', 'filters': 'ExperimentId=2d45dc01-fd54-eb11-a2dd-c4346bcb7271', 'count': 100000}
01/12 09:39:03 [DEBUG] [9908] [COMPS.Client] REQUEST -> GET https://comps.idmod.org/api/Simulations {'fields': 'Id,SimulationState', 'filters': 'ExperimentId=2d45dc01-fd54-eb11-a2dd-c4346bcb7271', 'count': 100000}
01/12 09:39:08 [DEBUG] [9908] [COMPS.Client] REQUEST -> GET https://comps.idmod.org/api/Simulations {'fields': 'Id,SimulationState', 'filters': 'ExperimentId=2d45dc01-fd54-eb11-a2dd-c4346bcb7271', 'count': 100000}
01/12 09:39:13 [DEBUG] [9908] [COMPS.Client] REQUEST -> GET https://comps.idmod.org/api/Simulations {'fields': 'Id,SimulationState', 'filters': 'ExperimentId=2d45dc01-fd54-eb11-a2dd-c4346bcb7271', 'count': 100000}
01/12 09:39:18 [DEBUG] [9908] [COMPS.Client] REQUEST -> GET https://comps.idmod.org/api/Simulations {'fields': 'Id,SimulationState', 'filters': 'ExperimentId=2d45dc01-fd54-eb11-a2dd-c4346bcb7271', 'count': 100000}
01/12 09:39:23 [DEBUG] [9908] [COMPS.Client] REQUEST -> GET https://comps.idmod.org/api/Simulations {'fields': 'Id,SimulationState', 'filters': 'ExperimentId=2d45dc01-fd54-eb11-a2dd-c4346bcb7271', 'count': 100000}
01/12 09:39:28 [DEBUG] [9908] [COMPS.Client] REQUEST -> GET https://comps.idmod.org/api/Simulations {'fields': 'Id,SimulationState', 'filters': 'ExperimentId=2d45dc01-fd54-eb11-a2dd-c4346bcb7271', 'count': 100000}
01/12 09:39:33 [DEBUG] [9908] [COMPS.Client] REQUEST -> GET https://comps.idmod.org/api/Simulations {'fields': 'Id,SimulationState', 'filters': 'ExperimentId=2d45dc01-fd54-eb11-a2dd-c4346bcb7271', 'count': 100000}
01/12 09:39:38 [DEBUG] [9908] [COMPS.Client] REQUEST -> GET https://comps.idmod.org/api/Simulations {'fields': 'Id,SimulationState', 'filters': 'ExperimentId=2d45dc01-fd54-eb11-a2dd-c4346bcb7271', 'count': 100000}
01/12 09:39:43 [DEBUG] [9908] [COMPS.Client] REQUEST -> GET https://comps.idmod.org/api/Simulations {'fields': 'Id,SimulationState', 'filters': 'ExperimentId=2d45dc01-fd54-eb11-a2dd-c4346bcb7271', 'count': 100000}
01/12 09:39:48 [DEBUG] [9908] [COMPS.Client] REQUEST -> GET https://comps.idmod.org/api/Simulations {'fields': 'Id,SimulationState', 'filters': 'ExperimentId=2d45dc01-fd54-eb11-a2dd-c4346bcb7271', 'count': 100000}
01/12 09:39:54 [DEBUG] [9908] [COMPS.Client] REQUEST -> GET https://comps.idmod.org/api/Simulations {'fields': 'Id,SimulationState', 'filters': 'ExperimentId=2d45dc01-fd54-eb11-a2dd-c4346bcb7271', 'count': 100000}
01/12 09:39:59 [DEBUG] [9908] [COMPS.Client] REQUEST -> GET https://comps.idmod.org/api/Simulations {'fields': 'Id,SimulationState', 'filters': 'ExperimentId=2d45dc01-fd54-eb11-a2dd-c4346bcb7271', 'count': 100000}
01/12 09:40:04 [DEBUG] [9908] [COMPS.Client] REQUEST -> GET https://comps.idmod.org/api/Simulations {'fields': 'Id,SimulationState', 'filters': 'ExperimentId=2d45dc01-fd54-eb11-a2dd-c4346bcb7271', 'count': 100000}
01/12 09:40:09 [DEBUG] [9908] [COMPS.Client] REQUEST -> GET https://comps.idmod.org/api/Simulations {'fields': 'Id,SimulationState', 'filters': 'ExperimentId=2d45dc01-fd54-eb11-a2dd-c4346bcb7271', 'count': 100000}
01/12 09:40:14 [DEBUG] [9908] [COMPS.Client] REQUEST -> GET https://comps.idmod.org/api/Simulations {'fields': 'Id,SimulationState', 'filters': 'ExperimentId=2d45dc01-fd54-eb11-a2dd-c4346bcb7271', 'count': 100000}
01/12 09:40:19 [DEBUG] [9908] [COMPS.Client] REQUEST -> GET https://comps.idmod.org/api/Simulations {'fields': 'Id,SimulationState', 'filters': 'ExperimentId=2d45dc01-fd54-eb11-a2dd-c4346bcb7271', 'count': 100000}
01/12 09:40:24 [DEBUG] [9908] [COMPS.Client] REQUEST -> GET https://comps.idmod.org/api/Simulations {'fields': 'Id,SimulationState', 'filters': 'ExperimentId=2d45dc01-fd54-eb11-a2dd-c4346bcb7271', 'count': 100000}
01/12 09:40:29 [DEBUG] [9908] [COMPS.Client] REQUEST -> GET https://comps.idmod.org/api/Simulations {'fields': 'Id,SimulationState', 'filters': 'ExperimentId=2d45dc01-fd54-eb11-a2dd-c4346bcb7271', 'count': 100000}
01/12 09:40:34 [DEBUG] [9908] [COMPS.Client] REQUEST -> GET https://comps.idmod.org/api/Simulations {'fields': 'Id,SimulationState', 'filters': 'ExperimentId=2d45dc01-fd54-eb11-a2dd-c4346bcb7271', 'count': 100000}
01/12 09:40:39 [DEBUG] [9908] [COMPS.Client] REQUEST -> GET https://comps.idmod.org/api/Simulations {'fields': 'Id,SimulationState', 'filters': 'ExperimentId=2d45dc01-fd54-eb11-a2dd-c4346bcb7271', 'count': 100000}
01/12 09:40:45 [DEBUG] [9908] [COMPS.Client] REQUEST -> GET https://comps.idmod.org/api/Simulations {'fields': 'Id,SimulationState', 'filters': 'ExperimentId=2d45dc01-fd54-eb11-a2dd-c4346bcb7271', 'count': 100000}
01/12 09:40:50 [DEBUG] [9908] [COMPS.Client] REQUEST -> GET https://comps.idmod.org/api/Simulations {'fields': 'Id,SimulationState', 'filters': 'ExperimentId=2d45dc01-fd54-eb11-a2dd-c4346bcb7271', 'count': 100000}
01/12 09:40:55 [DEBUG] [9908] [COMPS.Client] REQUEST -> GET https://comps.idmod.org/api/Simulations {'fields': 'Id,SimulationState', 'filters': 'ExperimentId=2d45dc01-fd54-eb11-a2dd-c4346bcb7271', 'count': 100000}
01/12 09:41:00 [DEBUG] [9908] [COMPS.Client] REQUEST -> GET https://comps.idmod.org/api/Simulations {'fields': 'Id,SimulationState', 'filters': 'ExperimentId=2d45dc01-fd54-eb11-a2dd-c4346bcb7271', 'count': 100000}
01/12 09:41:05 [DEBUG] [9908] [COMPS.Client] REQUEST -> GET https://comps.idmod.org/api/Simulations {'fields': 'Id,SimulationState', 'filters': 'ExperimentId=2d45dc01-fd54-eb11-a2dd-c4346bcb7271', 'count': 100000}
01/12 09:41:10 [DEBUG] [9908] [COMPS.Client] REQUEST -> GET https://comps.idmod.org/api/Simulations {'fields': 'Id,SimulationState', 'filters': 'ExperimentId=2d45dc01-fd54-eb11-a2dd-c4346bcb7271', 'count': 100000}
01/12 09:41:15 [DEBUG] [9908] [COMPS.Client] REQUEST -> GET https://comps.idmod.org/api/Simulations {'fields': 'Id,SimulationState', 'filters': 'ExperimentId=2d45dc01-fd54-eb11-a2dd-c4346bcb7271', 'count': 100000}
01/12 09:41:20 [DEBUG] [9908] [COMPS.Client] REQUEST -> GET https://comps.idmod.org/api/Simulations {'fields': 'Id,SimulationState', 'filters': 'ExperimentId=2d45dc01-fd54-eb11-a2dd-c4346bcb7271', 'count': 100000}
01/12 09:41:26 [DEBUG] [9908] [COMPS.Client] REQUEST -> GET https://comps.idmod.org/api/Simulations {'fields': 'Id,SimulationState', 'filters': 'ExperimentId=2d45dc01-fd54-eb11-a2dd-c4346bcb7271', 'count': 100000}
01/12 09:41:31 [DEBUG] [9908] [COMPS.Client] REQUEST -> GET https://comps.idmod.org/api/Simulations {'fields': 'Id,SimulationState', 'filters': 'ExperimentId=2d45dc01-fd54-eb11-a2dd-c4346bcb7271', 'count': 100000}
01/12 09:41:36 [DEBUG] [9908] [COMPS.Client] REQUEST -> GET https://comps.idmod.org/api/Simulations {'fields': 'Id,SimulationState', 'filters': 'ExperimentId=2d45dc01-fd54-eb11-a2dd-c4346bcb7271', 'count': 100000}
01/12 09:41:41 [DEBUG] [9908] [COMPS.Client] REQUEST -> GET https://comps.idmod.org/api/Simulations {'fields': 'Id,SimulationState', 'filters': 'ExperimentId=2d45dc01-fd54-eb11-a2dd-c4346bcb7271', 'count': 100000}
01/12 09:41:46 [DEBUG] [9908] [COMPS.Client] REQUEST -> GET https://comps.idmod.org/api/Simulations {'fields': 'Id,SimulationState', 'filters': 'ExperimentId=2d45dc01-fd54-eb11-a2dd-c4346bcb7271', 'count': 100000}
01/12 09:41:51 [DEBUG] [9908] [COMPS.Client] REQUEST -> GET https://comps.idmod.org/api/Simulations {'fields': 'Id,SimulationState', 'filters': 'ExperimentId=2d45dc01-fd54-eb11-a2dd-c4346bcb7271', 'count': 100000}
01/12 09:41:56 [DEBUG] [9908] [COMPS.Client] REQUEST -> GET https://comps.idmod.org/api/Simulations {'fields': 'Id,SimulationState', 'filters': 'ExperimentId=2d45dc01-fd54-eb11-a2dd-c4346bcb7271', 'count': 100000}
01/12 09:42:01 [DEBUG] [9908] [COMPS.Client] REQUEST -> GET https://comps.idmod.org/api/Simulations {'fields': 'Id,SimulationState', 'filters': 'ExperimentId=2d45dc01-fd54-eb11-a2dd-c4346bcb7271', 'count': 100000}
01/12 09:42:07 [DEBUG] [9908] [COMPS.Client] REQUEST -> GET https://comps.idmod.org/api/Simulations {'fields': 'Id,SimulationState', 'filters': 'ExperimentId=2d45dc01-fd54-eb11-a2dd-c4346bcb7271', 'count': 100000}
01/12 09:42:12 [DEBUG] [9908] [COMPS.Client] REQUEST -> GET https://comps.idmod.org/api/Simulations {'fields': 'Id,SimulationState', 'filters': 'ExperimentId=2d45dc01-fd54-eb11-a2dd-c4346bcb7271', 'count': 100000}
01/12 09:42:17 [DEBUG] [9908] [COMPS.Client] REQUEST -> GET https://comps.idmod.org/api/Simulations {'fields': 'Id,SimulationState', 'filters': 'ExperimentId=2d45dc01-fd54-eb11-a2dd-c4346bcb7271', 'count': 100000}
01/12 09:42:22 [DEBUG] [9908] [COMPS.Client] REQUEST -> GET https://comps.idmod.org/api/Simulations {'fields': 'Id,SimulationState', 'filters': 'ExperimentId=2d45dc01-fd54-eb11-a2dd-c4346bcb7271', 'count': 100000}
01/12 09:42:27 [DEBUG] [9908] [COMPS.Client] REQUEST -> GET https://comps.idmod.org/api/Simulations {'fields': 'Id,SimulationState', 'filters': 'ExperimentId=2d45dc01-fd54-eb11-a2dd-c4346bcb7271', 'count': 100000}
01/12 09:42:32 [DEBUG] [9908] [COMPS.Client] REQUEST -> GET https://comps.idmod.org/api/Simulations {'fields': 'Id,SimulationState', 'filters': 'ExperimentId=2d45dc01-fd54-eb11-a2dd-c4346bcb7271', 'count': 100000}
01/12 09:42:37 [DEBUG] [9908] [COMPS.Client] REQUEST -> GET https://comps.idmod.org/api/Simulations {'fields': 'Id,SimulationState', 'filters': 'ExperimentId=2d45dc01-fd54-eb11-a2dd-c4346bcb7271', 'count': 100000}
01/12 09:42:42 [DEBUG] [9908] [COMPS.Client] REQUEST -> GET https://comps.idmod.org/api/Simulations {'fields': 'Id,SimulationState', 'filters': 'ExperimentId=2d45dc01-fd54-eb11-a2dd-c4346bcb7271', 'count': 100000}
01/12 09:42:47 [DEBUG] [9908] [COMPS.Client] REQUEST -> GET https://comps.idmod.org/api/Simulations {'fields': 'Id,SimulationState', 'filters': 'ExperimentId=2d45dc01-fd54-eb11-a2dd-c4346bcb7271', 'count': 100000}
01/12 09:42:53 [DEBUG] [9908] [COMPS.Client] REQUEST -> GET https://comps.idmod.org/api/Simulations {'fields': 'Id,SimulationState', 'filters': 'ExperimentId=2d45dc01-fd54-eb11-a2dd-c4346bcb7271', 'count': 100000}
01/12 09:42:58 [DEBUG] [9908] [COMPS.Client] REQUEST -> GET https://comps.idmod.org/api/Simulations {'fields': 'Id,SimulationState', 'filters': 'ExperimentId=2d45dc01-fd54-eb11-a2dd-c4346bcb7271', 'count': 100000}
01/12 09:43:03 [DEBUG] [9908] [COMPS.Client] REQUEST -> GET https://comps.idmod.org/api/Simulations {'fields': 'Id,SimulationState', 'filters': 'ExperimentId=2d45dc01-fd54-eb11-a2dd-c4346bcb7271', 'count': 100000}
01/12 09:43:08 [DEBUG] [9908] [COMPS.Client] REQUEST -> GET https://comps.idmod.org/api/Simulations {'fields': 'Id,SimulationState', 'filters': 'ExperimentId=2d45dc01-fd54-eb11-a2dd-c4346bcb7271', 'count': 100000}
01/12 09:43:13 [DEBUG] [9908] [COMPS.Client] REQUEST -> GET https://comps.idmod.org/api/Simulations {'fields': 'Id,SimulationState', 'filters': 'ExperimentId=2d45dc01-fd54-eb11-a2dd-c4346bcb7271', 'count': 100000}
01/12 09:43:18 [DEBUG] [9908] [COMPS.Client] REQUEST -> GET https://comps.idmod.org/api/Simulations {'fields': 'Id,SimulationState', 'filters': 'ExperimentId=2d45dc01-fd54-eb11-a2dd-c4346bcb7271', 'count': 100000}
01/12 09:43:23 [DEBUG] [9908] [COMPS.Client] REQUEST -> GET https://comps.idmod.org/api/Simulations {'fields': 'Id,SimulationState', 'filters': 'ExperimentId=2d45dc01-fd54-eb11-a2dd-c4346bcb7271', 'count': 100000}
01/12 09:43:28 [DEBUG] [9908] [COMPS.Client] REQUEST -> GET https://comps.idmod.org/api/Simulations {'fields': 'Id,SimulationState', 'filters': 'ExperimentId=2d45dc01-fd54-eb11-a2dd-c4346bcb7271', 'count': 100000}
01/12 09:43:33 [DEBUG] [9908] [COMPS.Client] REQUEST -> GET https://comps.idmod.org/api/Simulations {'fields': 'Id,SimulationState', 'filters': 'ExperimentId=2d45dc01-fd54-eb11-a2dd-c4346bcb7271', 'count': 100000}
01/12 09:43:38 [DEBUG] [9908] [COMPS.Client] REQUEST -> GET https://comps.idmod.org/api/Simulations {'fields': 'Id,SimulationState', 'filters': 'ExperimentId=2d45dc01-fd54-eb11-a2dd-c4346bcb7271', 'count': 100000}
01/12 09:43:44 [DEBUG] [9908] [COMPS.Client] REQUEST -> GET https://comps.idmod.org/api/Simulations {'fields': 'Id,SimulationState', 'filters': 'ExperimentId=2d45dc01-fd54-eb11-a2dd-c4346bcb7271', 'count': 100000}
01/12 09:43:49 [DEBUG] [9908] [COMPS.Client] REQUEST -> GET https://comps.idmod.org/api/Simulations {'fields': 'Id,SimulationState', 'filters': 'ExperimentId=2d45dc01-fd54-eb11-a2dd-c4346bcb7271', 'count': 100000}
01/12 09:43:54 [DEBUG] [9908] [COMPS.Client] REQUEST -> GET https://comps.idmod.org/api/Simulations {'fields': 'Id,SimulationState', 'filters': 'ExperimentId=2d45dc01-fd54-eb11-a2dd-c4346bcb7271', 'count': 100000}
01/12 09:43:59 [DEBUG] [9908] [COMPS.Client] REQUEST -> GET https://comps.idmod.org/api/Simulations {'fields': 'Id,SimulationState', 'filters': 'ExperimentId=2d45dc01-fd54-eb11-a2dd-c4346bcb7271', 'count': 100000}
01/12 09:44:04 [DEBUG] [9908] [COMPS.Client] REQUEST -> GET https://comps.idmod.org/api/Simulations {'fields': 'Id,SimulationState', 'filters': 'ExperimentId=2d45dc01-fd54-eb11-a2dd-c4346bcb7271', 'count': 100000}
01/12 09:44:09 [DEBUG] [9908] [COMPS.Client] REQUEST -> GET https://comps.idmod.org/api/Simulations {'fields': 'Id,SimulationState', 'filters': 'ExperimentId=2d45dc01-fd54-eb11-a2dd-c4346bcb7271', 'count': 100000}
01/12 09:44:14 [DEBUG] [9908] [COMPS.Client] REQUEST -> GET https://comps.idmod.org/api/Simulations {'fields': 'Id,SimulationState', 'filters': 'ExperimentId=2d45dc01-fd54-eb11-a2dd-c4346bcb7271', 'count': 100000}
01/12 09:44:19 [DEBUG] [9908] [COMPS.Client] REQUEST -> GET https://comps.idmod.org/api/Simulations {'fields': 'Id,SimulationState', 'filters': 'ExperimentId=2d45dc01-fd54-eb11-a2dd-c4346bcb7271', 'count': 100000}
01/12 09:44:24 [DEBUG] [9908] [COMPS.Client] REQUEST -> GET https://comps.idmod.org/api/Simulations {'fields': 'Id,SimulationState', 'filters': 'ExperimentId=2d45dc01-fd54-eb11-a2dd-c4346bcb7271', 'count': 100000}
01/12 09:44:29 [DEBUG] [9908] [COMPS.Client] REQUEST -> GET https://comps.idmod.org/api/Simulations {'fields': 'Id,SimulationState', 'filters': 'ExperimentId=2d45dc01-fd54-eb11-a2dd-c4346bcb7271', 'count': 100000}
01/12 09:44:35 [DEBUG] [9908] [COMPS.Client] REQUEST -> GET https://comps.idmod.org/api/Simulations {'fields': 'Id,SimulationState', 'filters': 'ExperimentId=2d45dc01-fd54-eb11-a2dd-c4346bcb7271', 'count': 100000}
01/12 09:44:40 [DEBUG] [9908] [COMPS.Client] REQUEST -> GET https://comps.idmod.org/api/Simulations {'fields': 'Id,SimulationState', 'filters': 'ExperimentId=2d45dc01-fd54-eb11-a2dd-c4346bcb7271', 'count': 100000}
01/12 09:44:45 [DEBUG] [9908] [COMPS.Client] REQUEST -> GET https://comps.idmod.org/api/Simulations {'fields': 'Id,SimulationState', 'filters': 'ExperimentId=2d45dc01-fd54-eb11-a2dd-c4346bcb7271', 'count': 100000}
01/12 09:44:50 [DEBUG] [9908] [COMPS.Client] REQUEST -> GET https://comps.idmod.org/api/Simulations {'fields': 'Id,SimulationState', 'filters': 'ExperimentId=2d45dc01-fd54-eb11-a2dd-c4346bcb7271', 'count': 100000}
01/12 09:44:55 [DEBUG] [9908] [COMPS.Client] REQUEST -> GET https://comps.idmod.org/api/Simulations {'fields': 'Id,SimulationState', 'filters': 'ExperimentId=2d45dc01-fd54-eb11-a2dd-c4346bcb7271', 'count': 100000}
01/12 09:45:00 [DEBUG] [9908] [COMPS.Client] REQUEST -> GET https://comps.idmod.org/api/Simulations {'fields': 'Id,SimulationState', 'filters': 'ExperimentId=2d45dc01-fd54-eb11-a2dd-c4346bcb7271', 'count': 100000}
01/12 09:45:05 [DEBUG] [9908] [COMPS.Client] REQUEST -> GET https://comps.idmod.org/api/Simulations {'fields': 'Id,SimulationState', 'filters': 'ExperimentId=2d45dc01-fd54-eb11-a2dd-c4346bcb7271', 'count': 100000}
01/12 09:45:10 [DEBUG] [9908] [COMPS.Client] REQUEST -> GET https://comps.idmod.org/api/Simulations {'fields': 'Id,SimulationState', 'filters': 'ExperimentId=2d45dc01-fd54-eb11-a2dd-c4346bcb7271', 'count': 100000}
01/12 09:45:15 [DEBUG] [9908] [COMPS.Client] REQUEST -> GET https://comps.idmod.org/api/Simulations {'fields': 'Id,SimulationState', 'filters': 'ExperimentId=2d45dc01-fd54-eb11-a2dd-c4346bcb7271', 'count': 100000}
01/12 09:45:20 [DEBUG] [9908] [COMPS.Client] REQUEST -> GET https://comps.idmod.org/api/Simulations {'fields': 'Id,SimulationState', 'filters': 'ExperimentId=2d45dc01-fd54-eb11-a2dd-c4346bcb7271', 'count': 100000}
01/12 09:45:25 [DEBUG] [9908] [COMPS.Client] REQUEST -> GET https://comps.idmod.org/api/Simulations {'fields': 'Id,SimulationState', 'filters': 'ExperimentId=2d45dc01-fd54-eb11-a2dd-c4346bcb7271', 'count': 100000}
01/12 09:45:31 [DEBUG] [9908] [COMPS.Client] REQUEST -> GET https://comps.idmod.org/api/Simulations {'fields': 'Id,SimulationState', 'filters': 'ExperimentId=2d45dc01-fd54-eb11-a2dd-c4346bcb7271', 'count': 100000}
01/12 09:45:36 [DEBUG] [9908] [COMPS.Client] REQUEST -> GET https://comps.idmod.org/api/Simulations {'fields': 'Id,SimulationState', 'filters': 'ExperimentId=2d45dc01-fd54-eb11-a2dd-c4346bcb7271', 'count': 100000}
01/12 09:45:41 [DEBUG] [9908] [COMPS.Client] REQUEST -> GET https://comps.idmod.org/api/Simulations {'fields': 'Id,SimulationState', 'filters': 'ExperimentId=2d45dc01-fd54-eb11-a2dd-c4346bcb7271', 'count': 100000}
01/12 09:45:46 [DEBUG] [9908] [COMPS.Client] REQUEST -> GET https://comps.idmod.org/api/Simulations {'fields': 'Id,SimulationState', 'filters': 'ExperimentId=2d45dc01-fd54-eb11-a2dd-c4346bcb7271', 'count': 100000}
01/12 09:45:51 [DEBUG] [9908] [COMPS.Client] REQUEST -> GET https://comps.idmod.org/api/Simulations {'fields': 'Id,SimulationState', 'filters': 'ExperimentId=2d45dc01-fd54-eb11-a2dd-c4346bcb7271', 'count': 100000}
01/12 09:45:56 [DEBUG] [9908] [COMPS.Client] REQUEST -> GET https://comps.idmod.org/api/Simulations {'fields': 'Id,SimulationState', 'filters': 'ExperimentId=2d45dc01-fd54-eb11-a2dd-c4346bcb7271', 'count': 100000}
01/12 09:46:01 [DEBUG] [9908] [COMPS.Client] REQUEST -> GET https://comps.idmod.org/api/Simulations {'fields': 'Id,SimulationState', 'filters': 'ExperimentId=2d45dc01-fd54-eb11-a2dd-c4346bcb7271', 'count': 100000}
01/12 09:46:06 [DEBUG] [9908] [COMPS.Client] REQUEST -> GET https://comps.idmod.org/api/Simulations {'fields': 'Id,SimulationState', 'filters': 'ExperimentId=2d45dc01-fd54-eb11-a2dd-c4346bcb7271', 'count': 100000}
01/12 09:46:11 [DEBUG] [9908] [COMPS.Client] REQUEST -> GET https://comps.idmod.org/api/Simulations {'fields': 'Id,SimulationState', 'filters': 'ExperimentId=2d45dc01-fd54-eb11-a2dd-c4346bcb7271', 'count': 100000}
01/12 09:46:16 [DEBUG] [9908] [COMPS.Client] REQUEST -> GET https://comps.idmod.org/api/Simulations {'fields': 'Id,SimulationState', 'filters': 'ExperimentId=2d45dc01-fd54-eb11-a2dd-c4346bcb7271', 'count': 100000}
01/12 09:46:22 [DEBUG] [9908] [COMPS.Client] REQUEST -> GET https://comps.idmod.org/api/Simulations {'fields': 'Id,SimulationState', 'filters': 'ExperimentId=2d45dc01-fd54-eb11-a2dd-c4346bcb7271', 'count': 100000}
01/12 09:46:27 [DEBUG] [9908] [COMPS.Client] REQUEST -> GET https://comps.idmod.org/api/Simulations {'fields': 'Id,SimulationState', 'filters': 'ExperimentId=2d45dc01-fd54-eb11-a2dd-c4346bcb7271', 'count': 100000}
01/12 09:46:32 [DEBUG] [9908] [COMPS.Client] REQUEST -> GET https://comps.idmod.org/api/Simulations {'fields': 'Id,SimulationState', 'filters': 'ExperimentId=2d45dc01-fd54-eb11-a2dd-c4346bcb7271', 'count': 100000}
01/12 09:46:37 [DEBUG] [9908] [COMPS.Client] REQUEST -> GET https://comps.idmod.org/api/Simulations {'fields': 'Id,SimulationState', 'filters': 'ExperimentId=2d45dc01-fd54-eb11-a2dd-c4346bcb7271', 'count': 100000}
01/12 09:46:42 [DEBUG] [9908] [COMPS.Client] REQUEST -> GET https://comps.idmod.org/api/Simulations {'fields': 'Id,SimulationState', 'filters': 'ExperimentId=2d45dc01-fd54-eb11-a2dd-c4346bcb7271', 'count': 100000}
01/12 09:46:47 [DEBUG] [9908] [COMPS.Client] REQUEST -> GET https://comps.idmod.org/api/Simulations {'fields': 'Id,SimulationState', 'filters': 'ExperimentId=2d45dc01-fd54-eb11-a2dd-c4346bcb7271', 'count': 100000}
01/12 09:46:52 [DEBUG] [9908] [COMPS.Client] REQUEST -> GET https://comps.idmod.org/api/Simulations {'fields': 'Id,SimulationState', 'filters': 'ExperimentId=2d45dc01-fd54-eb11-a2dd-c4346bcb7271', 'count': 100000}
01/12 09:46:57 [DEBUG] [9908] [COMPS.Client] REQUEST -> GET https://comps.idmod.org/api/Simulations {'fields': 'Id,SimulationState', 'filters': 'ExperimentId=2d45dc01-fd54-eb11-a2dd-c4346bcb7271', 'count': 100000}
01/12 09:47:02 [DEBUG] [9908] [COMPS.Client] REQUEST -> GET https://comps.idmod.org/api/Simulations {'fields': 'Id,SimulationState', 'filters': 'ExperimentId=2d45dc01-fd54-eb11-a2dd-c4346bcb7271', 'count': 100000}
01/12 09:47:07 [DEBUG] [9908] [COMPS.Client] REQUEST -> GET https://comps.idmod.org/api/Simulations {'fields': 'Id,SimulationState', 'filters': 'ExperimentId=2d45dc01-fd54-eb11-a2dd-c4346bcb7271', 'count': 100000}
01/12 09:47:13 [DEBUG] [9908] [COMPS.Client] REQUEST -> GET https://comps.idmod.org/api/Simulations {'fields': 'Id,SimulationState', 'filters': 'ExperimentId=2d45dc01-fd54-eb11-a2dd-c4346bcb7271', 'count': 100000}
01/12 09:47:18 [DEBUG] [9908] [COMPS.Client] REQUEST -> GET https://comps.idmod.org/api/Simulations {'fields': 'Id,SimulationState', 'filters': 'ExperimentId=2d45dc01-fd54-eb11-a2dd-c4346bcb7271', 'count': 100000}
01/12 09:47:23 [DEBUG] [9908] [COMPS.Client] REQUEST -> GET https://comps.idmod.org/api/Simulations {'fields': 'Id,SimulationState', 'filters': 'ExperimentId=2d45dc01-fd54-eb11-a2dd-c4346bcb7271', 'count': 100000}
01/12 09:47:28 [DEBUG] [9908] [COMPS.Client] REQUEST -> GET https://comps.idmod.org/api/Simulations {'fields': 'Id,SimulationState', 'filters': 'ExperimentId=2d45dc01-fd54-eb11-a2dd-c4346bcb7271', 'count': 100000}
01/12 09:47:33 [DEBUG] [9908] [COMPS.Client] REQUEST -> GET https://comps.idmod.org/api/Simulations {'fields': 'Id,SimulationState', 'filters': 'ExperimentId=2d45dc01-fd54-eb11-a2dd-c4346bcb7271', 'count': 100000}
01/12 09:47:38 [DEBUG] [9908] [COMPS.Client] REQUEST -> GET https://comps.idmod.org/api/Simulations {'fields': 'Id,SimulationState', 'filters': 'ExperimentId=2d45dc01-fd54-eb11-a2dd-c4346bcb7271', 'count': 100000}
01/12 09:47:43 [DEBUG] [9908] [COMPS.Client] REQUEST -> GET https://comps.idmod.org/api/Simulations {'fields': 'Id,SimulationState', 'filters': 'ExperimentId=2d45dc01-fd54-eb11-a2dd-c4346bcb7271', 'count': 100000}
01/12 09:47:48 [DEBUG] [9908] [COMPS.Client] REQUEST -> GET https://comps.idmod.org/api/Simulations {'fields': 'Id,SimulationState', 'filters': 'ExperimentId=2d45dc01-fd54-eb11-a2dd-c4346bcb7271', 'count': 100000}
01/12 09:47:53 [DEBUG] [9908] [COMPS.Client] REQUEST -> GET https://comps.idmod.org/api/Simulations {'fields': 'Id,SimulationState', 'filters': 'ExperimentId=2d45dc01-fd54-eb11-a2dd-c4346bcb7271', 'count': 100000}
01/12 09:47:58 [DEBUG] [9908] [COMPS.Client] REQUEST -> GET https://comps.idmod.org/api/Simulations {'fields': 'Id,SimulationState', 'filters': 'ExperimentId=2d45dc01-fd54-eb11-a2dd-c4346bcb7271', 'count': 100000}
01/12 09:48:04 [DEBUG] [9908] [COMPS.Client] REQUEST -> GET https://comps.idmod.org/api/Simulations {'fields': 'Id,SimulationState', 'filters': 'ExperimentId=2d45dc01-fd54-eb11-a2dd-c4346bcb7271', 'count': 100000}
01/12 09:48:09 [DEBUG] [9908] [COMPS.Client] REQUEST -> GET https://comps.idmod.org/api/Simulations {'fields': 'Id,SimulationState', 'filters': 'ExperimentId=2d45dc01-fd54-eb11-a2dd-c4346bcb7271', 'count': 100000}
01/12 09:48:14 [DEBUG] [9908] [COMPS.Client] REQUEST -> GET https://comps.idmod.org/api/Simulations {'fields': 'Id,SimulationState', 'filters': 'ExperimentId=2d45dc01-fd54-eb11-a2dd-c4346bcb7271', 'count': 100000}
01/12 09:48:19 [DEBUG] [9908] [COMPS.Client] REQUEST -> GET https://comps.idmod.org/api/Simulations {'fields': 'Id,SimulationState', 'filters': 'ExperimentId=2d45dc01-fd54-eb11-a2dd-c4346bcb7271', 'count': 100000}
01/12 09:48:24 [DEBUG] [9908] [COMPS.Client] REQUEST -> GET https://comps.idmod.org/api/Simulations {'fields': 'Id,SimulationState', 'filters': 'ExperimentId=2d45dc01-fd54-eb11-a2dd-c4346bcb7271', 'count': 100000}
01/12 09:48:29 [DEBUG] [9908] [COMPS.Client] REQUEST -> GET https://comps.idmod.org/api/Simulations {'fields': 'Id,SimulationState', 'filters': 'ExperimentId=2d45dc01-fd54-eb11-a2dd-c4346bcb7271', 'count': 100000}
01/12 09:48:34 [DEBUG] [9908] [COMPS.Client] REQUEST -> GET https://comps.idmod.org/api/Simulations {'fields': 'Id,SimulationState', 'filters': 'ExperimentId=2d45dc01-fd54-eb11-a2dd-c4346bcb7271', 'count': 100000}
01/12 09:48:39 [DEBUG] [9908] [COMPS.Client] REQUEST -> GET https://comps.idmod.org/api/Simulations {'fields': 'Id,SimulationState', 'filters': 'ExperimentId=2d45dc01-fd54-eb11-a2dd-c4346bcb7271', 'count': 100000}
01/12 09:48:44 [DEBUG] [9908] [COMPS.Client] REQUEST -> GET https://comps.idmod.org/api/Simulations {'fields': 'Id,SimulationState', 'filters': 'ExperimentId=2d45dc01-fd54-eb11-a2dd-c4346bcb7271', 'count': 100000}
01/12 09:48:50 [DEBUG] [9908] [COMPS.Client] REQUEST -> GET https://comps.idmod.org/api/Simulations {'fields': 'Id,SimulationState', 'filters': 'ExperimentId=2d45dc01-fd54-eb11-a2dd-c4346bcb7271', 'count': 100000}
01/12 09:48:55 [DEBUG] [9908] [COMPS.Client] REQUEST -> GET https://comps.idmod.org/api/Simulations {'fields': 'Id,SimulationState', 'filters': 'ExperimentId=2d45dc01-fd54-eb11-a2dd-c4346bcb7271', 'count': 100000}
01/12 09:49:00 [DEBUG] [9908] [COMPS.Client] REQUEST -> GET https://comps.idmod.org/api/Simulations {'fields': 'Id,SimulationState', 'filters': 'ExperimentId=2d45dc01-fd54-eb11-a2dd-c4346bcb7271', 'count': 100000}
01/12 09:49:05 [DEBUG] [9908] [COMPS.Client] REQUEST -> GET https://comps.idmod.org/api/Simulations {'fields': 'Id,SimulationState', 'filters': 'ExperimentId=2d45dc01-fd54-eb11-a2dd-c4346bcb7271', 'count': 100000}
01/12 09:49:10 [DEBUG] [9908] [COMPS.Client] REQUEST -> GET https://comps.idmod.org/api/Simulations {'fields': 'Id,SimulationState', 'filters': 'ExperimentId=2d45dc01-fd54-eb11-a2dd-c4346bcb7271', 'count': 100000}
01/12 09:49:15 [DEBUG] [9908] [COMPS.Client] REQUEST -> GET https://comps.idmod.org/api/Simulations {'fields': 'Id,SimulationState', 'filters': 'ExperimentId=2d45dc01-fd54-eb11-a2dd-c4346bcb7271', 'count': 100000}
01/12 09:49:20 [DEBUG] [9908] [COMPS.Client] REQUEST -> GET https://comps.idmod.org/api/Simulations {'fields': 'Id,SimulationState', 'filters': 'ExperimentId=2d45dc01-fd54-eb11-a2dd-c4346bcb7271', 'count': 100000}
01/12 09:49:25 [DEBUG] [9908] [COMPS.Client] REQUEST -> GET https://comps.idmod.org/api/Simulations {'fields': 'Id,SimulationState', 'filters': 'ExperimentId=2d45dc01-fd54-eb11-a2dd-c4346bcb7271', 'count': 100000}
01/12 09:49:30 [DEBUG] [9908] [COMPS.Client] REQUEST -> GET https://comps.idmod.org/api/Simulations {'fields': 'Id,SimulationState', 'filters': 'ExperimentId=2d45dc01-fd54-eb11-a2dd-c4346bcb7271', 'count': 100000}
01/12 09:49:36 [DEBUG] [9908] [COMPS.Client] REQUEST -> GET https://comps.idmod.org/api/Simulations {'fields': 'Id,SimulationState', 'filters': 'ExperimentId=2d45dc01-fd54-eb11-a2dd-c4346bcb7271', 'count': 100000}
01/12 09:49:41 [DEBUG] [9908] [COMPS.Client] REQUEST -> GET https://comps.idmod.org/api/Simulations {'fields': 'Id,SimulationState', 'filters': 'ExperimentId=2d45dc01-fd54-eb11-a2dd-c4346bcb7271', 'count': 100000}
01/12 09:49:46 [DEBUG] [9908] [COMPS.Client] REQUEST -> GET https://comps.idmod.org/api/Simulations {'fields': 'Id,SimulationState', 'filters': 'ExperimentId=2d45dc01-fd54-eb11-a2dd-c4346bcb7271', 'count': 100000}
01/12 09:49:51 [DEBUG] [9908] [COMPS.Client] REQUEST -> GET https://comps.idmod.org/api/Simulations {'fields': 'Id,SimulationState', 'filters': 'ExperimentId=2d45dc01-fd54-eb11-a2dd-c4346bcb7271', 'count': 100000}
01/12 09:49:56 [DEBUG] [9908] [COMPS.Client] REQUEST -> GET https://comps.idmod.org/api/Simulations {'fields': 'Id,SimulationState', 'filters': 'ExperimentId=2d45dc01-fd54-eb11-a2dd-c4346bcb7271', 'count': 100000}
01/12 09:50:01 [DEBUG] [9908] [COMPS.Client] REQUEST -> GET https://comps.idmod.org/api/Simulations {'fields': 'Id,SimulationState', 'filters': 'ExperimentId=2d45dc01-fd54-eb11-a2dd-c4346bcb7271', 'count': 100000}
01/12 09:50:06 [DEBUG] [9908] [COMPS.Client] REQUEST -> GET https://comps.idmod.org/api/Simulations {'fields': 'Id,SimulationState', 'filters': 'ExperimentId=2d45dc01-fd54-eb11-a2dd-c4346bcb7271', 'count': 100000}
01/12 09:50:11 [DEBUG] [9908] [COMPS.Client] REQUEST -> GET https://comps.idmod.org/api/Simulations {'fields': 'Id,SimulationState', 'filters': 'ExperimentId=2d45dc01-fd54-eb11-a2dd-c4346bcb7271', 'count': 100000}
01/12 09:50:16 [DEBUG] [9908] [COMPS.Client] REQUEST -> GET https://comps.idmod.org/api/Simulations {'fields': 'Id,SimulationState', 'filters': 'ExperimentId=2d45dc01-fd54-eb11-a2dd-c4346bcb7271', 'count': 100000}
01/12 09:50:22 [DEBUG] [9908] [COMPS.Client] REQUEST -> GET https://comps.idmod.org/api/Simulations {'fields': 'Id,SimulationState', 'filters': 'ExperimentId=2d45dc01-fd54-eb11-a2dd-c4346bcb7271', 'count': 100000}
01/12 09:50:27 [DEBUG] [9908] [COMPS.Client] REQUEST -> GET https://comps.idmod.org/api/Simulations {'fields': 'Id,SimulationState', 'filters': 'ExperimentId=2d45dc01-fd54-eb11-a2dd-c4346bcb7271', 'count': 100000}
01/12 09:50:32 [DEBUG] [9908] [COMPS.Client] REQUEST -> GET https://comps.idmod.org/api/Simulations {'fields': 'Id,SimulationState', 'filters': 'ExperimentId=2d45dc01-fd54-eb11-a2dd-c4346bcb7271', 'count': 100000}
01/12 09:50:37 [DEBUG] [9908] [COMPS.Client] REQUEST -> GET https://comps.idmod.org/api/Simulations {'fields': 'Id,SimulationState', 'filters': 'ExperimentId=2d45dc01-fd54-eb11-a2dd-c4346bcb7271', 'count': 100000}
01/12 09:50:42 [DEBUG] [9908] [COMPS.Client] REQUEST -> GET https://comps.idmod.org/api/Simulations {'fields': 'Id,SimulationState', 'filters': 'ExperimentId=2d45dc01-fd54-eb11-a2dd-c4346bcb7271', 'count': 100000}
01/12 09:50:47 [DEBUG] [9908] [COMPS.Client] REQUEST -> GET https://comps.idmod.org/api/Simulations {'fields': 'Id,SimulationState', 'filters': 'ExperimentId=2d45dc01-fd54-eb11-a2dd-c4346bcb7271', 'count': 100000}
01/12 09:50:52 [DEBUG] [9908] [COMPS.Client] REQUEST -> GET https://comps.idmod.org/api/Simulations {'fields': 'Id,SimulationState', 'filters': 'ExperimentId=2d45dc01-fd54-eb11-a2dd-c4346bcb7271', 'count': 100000}
01/12 09:50:57 [DEBUG] [9908] [COMPS.Client] REQUEST -> GET https://comps.idmod.org/api/Simulations {'fields': 'Id,SimulationState', 'filters': 'ExperimentId=2d45dc01-fd54-eb11-a2dd-c4346bcb7271', 'count': 100000}
01/12 09:51:02 [DEBUG] [9908] [COMPS.Client] REQUEST -> GET https://comps.idmod.org/api/Simulations {'fields': 'Id,SimulationState', 'filters': 'ExperimentId=2d45dc01-fd54-eb11-a2dd-c4346bcb7271', 'count': 100000}
01/12 09:51:08 [DEBUG] [9908] [COMPS.Client] REQUEST -> GET https://comps.idmod.org/api/Simulations {'fields': 'Id,SimulationState', 'filters': 'ExperimentId=2d45dc01-fd54-eb11-a2dd-c4346bcb7271', 'count': 100000}
01/12 09:51:13 [DEBUG] [9908] [COMPS.Client] REQUEST -> GET https://comps.idmod.org/api/Simulations {'fields': 'Id,SimulationState', 'filters': 'ExperimentId=2d45dc01-fd54-eb11-a2dd-c4346bcb7271', 'count': 100000}
01/12 09:51:18 [DEBUG] [9908] [COMPS.Client] REQUEST -> GET https://comps.idmod.org/api/Simulations {'fields': 'Id,SimulationState', 'filters': 'ExperimentId=2d45dc01-fd54-eb11-a2dd-c4346bcb7271', 'count': 100000}
01/12 09:51:23 [DEBUG] [9908] [COMPS.Client] REQUEST -> GET https://comps.idmod.org/api/Simulations {'fields': 'Id,SimulationState', 'filters': 'ExperimentId=2d45dc01-fd54-eb11-a2dd-c4346bcb7271', 'count': 100000}
01/12 09:51:28 [DEBUG] [9908] [COMPS.Client] REQUEST -> GET https://comps.idmod.org/api/Simulations {'fields': 'Id,SimulationState', 'filters': 'ExperimentId=2d45dc01-fd54-eb11-a2dd-c4346bcb7271', 'count': 100000}
01/12 09:51:33 [DEBUG] [9908] [COMPS.Client] REQUEST -> GET https://comps.idmod.org/api/Simulations {'fields': 'Id,SimulationState', 'filters': 'ExperimentId=2d45dc01-fd54-eb11-a2dd-c4346bcb7271', 'count': 100000}
01/12 09:51:38 [DEBUG] [9908] [COMPS.Client] REQUEST -> GET https://comps.idmod.org/api/Simulations {'fields': 'Id,SimulationState', 'filters': 'ExperimentId=2d45dc01-fd54-eb11-a2dd-c4346bcb7271', 'count': 100000}
01/12 09:51:43 [DEBUG] [9908] [COMPS.Client] REQUEST -> GET https://comps.idmod.org/api/Simulations {'fields': 'Id,SimulationState', 'filters': 'ExperimentId=2d45dc01-fd54-eb11-a2dd-c4346bcb7271', 'count': 100000}
01/12 09:51:49 [DEBUG] [9908] [COMPS.Client] REQUEST -> GET https://comps.idmod.org/api/Simulations {'fields': 'Id,SimulationState', 'filters': 'ExperimentId=2d45dc01-fd54-eb11-a2dd-c4346bcb7271', 'count': 100000}
01/12 09:51:54 [DEBUG] [9908] [COMPS.Client] REQUEST -> GET https://comps.idmod.org/api/Simulations {'fields': 'Id,SimulationState', 'filters': 'ExperimentId=2d45dc01-fd54-eb11-a2dd-c4346bcb7271', 'count': 100000}
01/12 09:51:59 [DEBUG] [9908] [COMPS.Client] REQUEST -> GET https://comps.idmod.org/api/Simulations {'fields': 'Id,SimulationState', 'filters': 'ExperimentId=2d45dc01-fd54-eb11-a2dd-c4346bcb7271', 'count': 100000}
01/12 09:52:04 [DEBUG] [9908] [COMPS.Client] REQUEST -> GET https://comps.idmod.org/api/Simulations {'fields': 'Id,SimulationState', 'filters': 'ExperimentId=2d45dc01-fd54-eb11-a2dd-c4346bcb7271', 'count': 100000}
01/12 09:52:09 [DEBUG] [9908] [COMPS.Client] REQUEST -> GET https://comps.idmod.org/api/Simulations {'fields': 'Id,SimulationState', 'filters': 'ExperimentId=2d45dc01-fd54-eb11-a2dd-c4346bcb7271', 'count': 100000}
01/12 09:52:14 [DEBUG] [9908] [COMPS.Client] REQUEST -> GET https://comps.idmod.org/api/Simulations {'fields': 'Id,SimulationState', 'filters': 'ExperimentId=2d45dc01-fd54-eb11-a2dd-c4346bcb7271', 'count': 100000}
01/12 09:52:19 [DEBUG] [9908] [COMPS.Client] REQUEST -> GET https://comps.idmod.org/api/Simulations {'fields': 'Id,SimulationState', 'filters': 'ExperimentId=2d45dc01-fd54-eb11-a2dd-c4346bcb7271', 'count': 100000}
01/12 09:52:24 [DEBUG] [9908] [COMPS.Client] REQUEST -> GET https://comps.idmod.org/api/Simulations {'fields': 'Id,SimulationState', 'filters': 'ExperimentId=2d45dc01-fd54-eb11-a2dd-c4346bcb7271', 'count': 100000}
01/12 09:52:29 [DEBUG] [9908] [COMPS.Client] REQUEST -> GET https://comps.idmod.org/api/Simulations {'fields': 'Id,SimulationState', 'filters': 'ExperimentId=2d45dc01-fd54-eb11-a2dd-c4346bcb7271', 'count': 100000}
01/12 09:52:35 [DEBUG] [9908] [COMPS.Client] REQUEST -> GET https://comps.idmod.org/api/Simulations {'fields': 'Id,SimulationState', 'filters': 'ExperimentId=2d45dc01-fd54-eb11-a2dd-c4346bcb7271', 'count': 100000}
01/12 09:52:40 [DEBUG] [9908] [COMPS.Client] REQUEST -> GET https://comps.idmod.org/api/Simulations {'fields': 'Id,SimulationState', 'filters': 'ExperimentId=2d45dc01-fd54-eb11-a2dd-c4346bcb7271', 'count': 100000}
01/12 09:52:45 [DEBUG] [9908] [COMPS.Client] REQUEST -> GET https://comps.idmod.org/api/Simulations {'fields': 'Id,SimulationState', 'filters': 'ExperimentId=2d45dc01-fd54-eb11-a2dd-c4346bcb7271', 'count': 100000}
01/12 09:52:50 [DEBUG] [9908] [COMPS.Client] REQUEST -> GET https://comps.idmod.org/api/Simulations {'fields': 'Id,SimulationState', 'filters': 'ExperimentId=2d45dc01-fd54-eb11-a2dd-c4346bcb7271', 'count': 100000}
01/12 09:52:55 [DEBUG] [9908] [COMPS.Client] REQUEST -> GET https://comps.idmod.org/api/Simulations {'fields': 'Id,SimulationState', 'filters': 'ExperimentId=2d45dc01-fd54-eb11-a2dd-c4346bcb7271', 'count': 100000}
01/12 09:53:00 [DEBUG] [9908] [COMPS.Client] REQUEST -> GET https://comps.idmod.org/api/Simulations {'fields': 'Id,SimulationState', 'filters': 'ExperimentId=2d45dc01-fd54-eb11-a2dd-c4346bcb7271', 'count': 100000}
01/12 09:53:06 [DEBUG] [9908] [COMPS.Client] REQUEST -> GET https://comps.idmod.org/api/Simulations {'fields': 'Id,SimulationState', 'filters': 'ExperimentId=2d45dc01-fd54-eb11-a2dd-c4346bcb7271', 'count': 100000}
01/12 09:53:11 [DEBUG] [9908] [COMPS.Client] REQUEST -> GET https://comps.idmod.org/api/Simulations {'fields': 'Id,SimulationState', 'filters': 'ExperimentId=2d45dc01-fd54-eb11-a2dd-c4346bcb7271', 'count': 100000}
01/12 09:53:16 [DEBUG] [9908] [COMPS.Client] REQUEST -> GET https://comps.idmod.org/api/Simulations {'fields': 'Id,SimulationState', 'filters': 'ExperimentId=2d45dc01-fd54-eb11-a2dd-c4346bcb7271', 'count': 100000}
01/12 09:53:21 [DEBUG] [9908] [COMPS.Client] REQUEST -> GET https://comps.idmod.org/api/Simulations {'fields': 'Id,SimulationState', 'filters': 'ExperimentId=2d45dc01-fd54-eb11-a2dd-c4346bcb7271', 'count': 100000}
01/12 09:53:26 [DEBUG] [9908] [COMPS.Client] REQUEST -> GET https://comps.idmod.org/api/Simulations {'fields': 'Id,SimulationState', 'filters': 'ExperimentId=2d45dc01-fd54-eb11-a2dd-c4346bcb7271', 'count': 100000}
01/12 09:53:31 [DEBUG] [9908] [COMPS.Client] REQUEST -> GET https://comps.idmod.org/api/Simulations {'fields': 'Id,SimulationState', 'filters': 'ExperimentId=2d45dc01-fd54-eb11-a2dd-c4346bcb7271', 'count': 100000}
01/12 09:53:36 [DEBUG] [9908] [COMPS.Client] REQUEST -> GET https://comps.idmod.org/api/Simulations {'fields': 'Id,SimulationState', 'filters': 'ExperimentId=2d45dc01-fd54-eb11-a2dd-c4346bcb7271', 'count': 100000}
01/12 09:53:41 [DEBUG] [9908] [COMPS.Client] REQUEST -> GET https://comps.idmod.org/api/Simulations {'fields': 'Id,SimulationState', 'filters': 'ExperimentId=2d45dc01-fd54-eb11-a2dd-c4346bcb7271', 'count': 100000}
01/12 09:53:46 [DEBUG] [9908] [COMPS.Client] REQUEST -> GET https://comps.idmod.org/api/Simulations {'fields': 'Id,SimulationState', 'filters': 'ExperimentId=2d45dc01-fd54-eb11-a2dd-c4346bcb7271', 'count': 100000}
01/12 09:53:51 [DEBUG] [9908] [COMPS.Client] REQUEST -> GET https://comps.idmod.org/api/Simulations {'fields': 'Id,SimulationState', 'filters': 'ExperimentId=2d45dc01-fd54-eb11-a2dd-c4346bcb7271', 'count': 100000}
01/12 09:53:57 [DEBUG] [9908] [COMPS.Client] REQUEST -> GET https://comps.idmod.org/api/Simulations {'fields': 'Id,SimulationState', 'filters': 'ExperimentId=2d45dc01-fd54-eb11-a2dd-c4346bcb7271', 'count': 100000}
01/12 09:54:02 [DEBUG] [9908] [COMPS.Client] REQUEST -> GET https://comps.idmod.org/api/Simulations {'fields': 'Id,SimulationState', 'filters': 'ExperimentId=2d45dc01-fd54-eb11-a2dd-c4346bcb7271', 'count': 100000}
01/12 09:54:07 [DEBUG] [9908] [COMPS.Client] REQUEST -> GET https://comps.idmod.org/api/Simulations {'fields': 'Id,SimulationState', 'filters': 'ExperimentId=2d45dc01-fd54-eb11-a2dd-c4346bcb7271', 'count': 100000}
01/12 09:54:12 [DEBUG] [9908] [COMPS.Client] REQUEST -> GET https://comps.idmod.org/api/Simulations {'fields': 'Id,SimulationState', 'filters': 'ExperimentId=2d45dc01-fd54-eb11-a2dd-c4346bcb7271', 'count': 100000}
01/12 09:54:17 [DEBUG] [9908] [COMPS.Client] REQUEST -> GET https://comps.idmod.org/api/Simulations {'fields': 'Id,SimulationState', 'filters': 'ExperimentId=2d45dc01-fd54-eb11-a2dd-c4346bcb7271', 'count': 100000}
01/12 09:54:22 [DEBUG] [9908] [COMPS.Client] REQUEST -> GET https://comps.idmod.org/api/Simulations {'fields': 'Id,SimulationState', 'filters': 'ExperimentId=2d45dc01-fd54-eb11-a2dd-c4346bcb7271', 'count': 100000}
01/12 09:54:27 [DEBUG] [9908] [COMPS.Client] REQUEST -> GET https://comps.idmod.org/api/Simulations {'fields': 'Id,SimulationState', 'filters': 'ExperimentId=2d45dc01-fd54-eb11-a2dd-c4346bcb7271', 'count': 100000}
01/12 09:54:32 [DEBUG] [9908] [COMPS.Client] REQUEST -> GET https://comps.idmod.org/api/Simulations {'fields': 'Id,SimulationState', 'filters': 'ExperimentId=2d45dc01-fd54-eb11-a2dd-c4346bcb7271', 'count': 100000}
01/12 09:54:37 [DEBUG] [9908] [COMPS.Client] REQUEST -> GET https://comps.idmod.org/api/Simulations {'fields': 'Id,SimulationState', 'filters': 'ExperimentId=2d45dc01-fd54-eb11-a2dd-c4346bcb7271', 'count': 100000}
01/12 09:54:43 [DEBUG] [9908] [COMPS.Client] REQUEST -> GET https://comps.idmod.org/api/Simulations {'fields': 'Id,SimulationState', 'filters': 'ExperimentId=2d45dc01-fd54-eb11-a2dd-c4346bcb7271', 'count': 100000}
01/12 09:54:48 [DEBUG] [9908] [COMPS.Client] REQUEST -> GET https://comps.idmod.org/api/Simulations {'fields': 'Id,SimulationState', 'filters': 'ExperimentId=2d45dc01-fd54-eb11-a2dd-c4346bcb7271', 'count': 100000}
01/12 09:54:53 [DEBUG] [9908] [COMPS.Client] REQUEST -> GET https://comps.idmod.org/api/Simulations {'fields': 'Id,SimulationState', 'filters': 'ExperimentId=2d45dc01-fd54-eb11-a2dd-c4346bcb7271', 'count': 100000}
01/12 09:54:58 [DEBUG] [9908] [COMPS.Client] REQUEST -> GET https://comps.idmod.org/api/Simulations {'fields': 'Id,SimulationState', 'filters': 'ExperimentId=2d45dc01-fd54-eb11-a2dd-c4346bcb7271', 'count': 100000}
01/12 09:55:03 [DEBUG] [9908] [COMPS.Client] REQUEST -> GET https://comps.idmod.org/api/Simulations {'fields': 'Id,SimulationState', 'filters': 'ExperimentId=2d45dc01-fd54-eb11-a2dd-c4346bcb7271', 'count': 100000}
01/12 09:55:08 [DEBUG] [9908] [COMPS.Client] REQUEST -> GET https://comps.idmod.org/api/Simulations {'fields': 'Id,SimulationState', 'filters': 'ExperimentId=2d45dc01-fd54-eb11-a2dd-c4346bcb7271', 'count': 100000}
01/12 09:55:13 [DEBUG] [9908] [COMPS.Client] REQUEST -> GET https://comps.idmod.org/api/Simulations {'fields': 'Id,SimulationState', 'filters': 'ExperimentId=2d45dc01-fd54-eb11-a2dd-c4346bcb7271', 'count': 100000}
01/12 09:55:18 [DEBUG] [9908] [COMPS.Client] REQUEST -> GET https://comps.idmod.org/api/Simulations {'fields': 'Id,SimulationState', 'filters': 'ExperimentId=2d45dc01-fd54-eb11-a2dd-c4346bcb7271', 'count': 100000}
01/12 09:55:23 [DEBUG] [9908] [COMPS.Client] REQUEST -> GET https://comps.idmod.org/api/Simulations {'fields': 'Id,SimulationState', 'filters': 'ExperimentId=2d45dc01-fd54-eb11-a2dd-c4346bcb7271', 'count': 100000}
01/12 09:55:28 [DEBUG] [9908] [COMPS.Client] REQUEST -> GET https://comps.idmod.org/api/Simulations {'fields': 'Id,SimulationState', 'filters': 'ExperimentId=2d45dc01-fd54-eb11-a2dd-c4346bcb7271', 'count': 100000}
01/12 09:55:34 [DEBUG] [9908] [COMPS.Client] REQUEST -> GET https://comps.idmod.org/api/Simulations {'fields': 'Id,SimulationState', 'filters': 'ExperimentId=2d45dc01-fd54-eb11-a2dd-c4346bcb7271', 'count': 100000}
01/12 09:55:39 [DEBUG] [9908] [COMPS.Client] REQUEST -> GET https://comps.idmod.org/api/Simulations {'fields': 'Id,SimulationState', 'filters': 'ExperimentId=2d45dc01-fd54-eb11-a2dd-c4346bcb7271', 'count': 100000}
01/12 09:55:44 [DEBUG] [9908] [COMPS.Client] REQUEST -> GET https://comps.idmod.org/api/Simulations {'fields': 'Id,SimulationState', 'filters': 'ExperimentId=2d45dc01-fd54-eb11-a2dd-c4346bcb7271', 'count': 100000}
01/12 09:55:49 [DEBUG] [9908] [COMPS.Client] REQUEST -> GET https://comps.idmod.org/api/Simulations {'fields': 'Id,SimulationState', 'filters': 'ExperimentId=2d45dc01-fd54-eb11-a2dd-c4346bcb7271', 'count': 100000}
01/12 09:55:54 [DEBUG] [9908] [COMPS.Client] REQUEST -> GET https://comps.idmod.org/api/Simulations {'fields': 'Id,SimulationState', 'filters': 'ExperimentId=2d45dc01-fd54-eb11-a2dd-c4346bcb7271', 'count': 100000}
01/12 09:55:59 [DEBUG] [9908] [COMPS.Client] REQUEST -> GET https://comps.idmod.org/api/Simulations {'fields': 'Id,SimulationState', 'filters': 'ExperimentId=2d45dc01-fd54-eb11-a2dd-c4346bcb7271', 'count': 100000}
01/12 09:56:04 [DEBUG] [9908] [COMPS.Client] REQUEST -> GET https://comps.idmod.org/api/Simulations {'fields': 'Id,SimulationState', 'filters': 'ExperimentId=2d45dc01-fd54-eb11-a2dd-c4346bcb7271', 'count': 100000}
01/12 09:56:09 [DEBUG] [9908] [COMPS.Client] REQUEST -> GET https://comps.idmod.org/api/Simulations {'fields': 'Id,SimulationState', 'filters': 'ExperimentId=2d45dc01-fd54-eb11-a2dd-c4346bcb7271', 'count': 100000}
01/12 09:56:14 [DEBUG] [9908] [COMPS.Client] REQUEST -> GET https://comps.idmod.org/api/Simulations {'fields': 'Id,SimulationState', 'filters': 'ExperimentId=2d45dc01-fd54-eb11-a2dd-c4346bcb7271', 'count': 100000}
01/12 09:56:20 [DEBUG] [9908] [COMPS.Client] REQUEST -> GET https://comps.idmod.org/api/Simulations {'fields': 'Id,SimulationState', 'filters': 'ExperimentId=2d45dc01-fd54-eb11-a2dd-c4346bcb7271', 'count': 100000}
01/12 09:56:25 [DEBUG] [9908] [COMPS.Client] REQUEST -> GET https://comps.idmod.org/api/Simulations {'fields': 'Id,SimulationState', 'filters': 'ExperimentId=2d45dc01-fd54-eb11-a2dd-c4346bcb7271', 'count': 100000}
01/12 09:56:30 [DEBUG] [9908] [COMPS.Client] REQUEST -> GET https://comps.idmod.org/api/Simulations {'fields': 'Id,SimulationState', 'filters': 'ExperimentId=2d45dc01-fd54-eb11-a2dd-c4346bcb7271', 'count': 100000}
01/12 09:56:35 [DEBUG] [9908] [COMPS.Client] REQUEST -> GET https://comps.idmod.org/api/Simulations {'fields': 'Id,SimulationState', 'filters': 'ExperimentId=2d45dc01-fd54-eb11-a2dd-c4346bcb7271', 'count': 100000}
01/12 09:56:40 [DEBUG] [9908] [COMPS.Client] REQUEST -> GET https://comps.idmod.org/api/Simulations {'fields': 'Id,SimulationState', 'filters': 'ExperimentId=2d45dc01-fd54-eb11-a2dd-c4346bcb7271', 'count': 100000}
01/12 09:56:45 [DEBUG] [9908] [COMPS.Client] REQUEST -> GET https://comps.idmod.org/api/Simulations {'fields': 'Id,SimulationState', 'filters': 'ExperimentId=2d45dc01-fd54-eb11-a2dd-c4346bcb7271', 'count': 100000}
01/12 09:56:50 [DEBUG] [9908] [COMPS.Client] REQUEST -> GET https://comps.idmod.org/api/Simulations {'fields': 'Id,SimulationState', 'filters': 'ExperimentId=2d45dc01-fd54-eb11-a2dd-c4346bcb7271', 'count': 100000}
01/12 09:56:55 [DEBUG] [9908] [COMPS.Client] REQUEST -> GET https://comps.idmod.org/api/Simulations {'fields': 'Id,SimulationState', 'filters': 'ExperimentId=2d45dc01-fd54-eb11-a2dd-c4346bcb7271', 'count': 100000}
01/12 09:57:00 [DEBUG] [9908] [COMPS.Client] REQUEST -> GET https://comps.idmod.org/api/Simulations {'fields': 'Id,SimulationState', 'filters': 'ExperimentId=2d45dc01-fd54-eb11-a2dd-c4346bcb7271', 'count': 100000}
01/12 09:57:05 [DEBUG] [9908] [COMPS.Client] REQUEST -> GET https://comps.idmod.org/api/Simulations {'fields': 'Id,SimulationState', 'filters': 'ExperimentId=2d45dc01-fd54-eb11-a2dd-c4346bcb7271', 'count': 100000}
01/12 09:57:10 [DEBUG] [9908] [COMPS.Client] REQUEST -> GET https://comps.idmod.org/api/Simulations {'fields': 'Id,SimulationState', 'filters': 'ExperimentId=2d45dc01-fd54-eb11-a2dd-c4346bcb7271', 'count': 100000}
01/12 09:57:16 [DEBUG] [9908] [COMPS.Client] REQUEST -> GET https://comps.idmod.org/api/Simulations {'fields': 'Id,SimulationState', 'filters': 'ExperimentId=2d45dc01-fd54-eb11-a2dd-c4346bcb7271', 'count': 100000}
01/12 09:57:21 [DEBUG] [9908] [COMPS.Client] REQUEST -> GET https://comps.idmod.org/api/Simulations {'fields': 'Id,SimulationState', 'filters': 'ExperimentId=2d45dc01-fd54-eb11-a2dd-c4346bcb7271', 'count': 100000}
01/12 09:57:26 [DEBUG] [9908] [COMPS.Client] REQUEST -> GET https://comps.idmod.org/api/Simulations {'fields': 'Id,SimulationState', 'filters': 'ExperimentId=2d45dc01-fd54-eb11-a2dd-c4346bcb7271', 'count': 100000}
01/12 09:57:31 [DEBUG] [9908] [COMPS.Client] REQUEST -> GET https://comps.idmod.org/api/Simulations {'fields': 'Id,SimulationState', 'filters': 'ExperimentId=2d45dc01-fd54-eb11-a2dd-c4346bcb7271', 'count': 100000}
01/12 09:57:36 [DEBUG] [9908] [COMPS.Client] REQUEST -> GET https://comps.idmod.org/api/Simulations {'fields': 'Id,SimulationState', 'filters': 'ExperimentId=2d45dc01-fd54-eb11-a2dd-c4346bcb7271', 'count': 100000}
01/12 09:57:41 [DEBUG] [9908] [COMPS.Client] REQUEST -> GET https://comps.idmod.org/api/Simulations {'fields': 'Id,SimulationState', 'filters': 'ExperimentId=2d45dc01-fd54-eb11-a2dd-c4346bcb7271', 'count': 100000}
01/12 09:57:46 [DEBUG] [9908] [COMPS.Client] REQUEST -> GET https://comps.idmod.org/api/Simulations {'fields': 'Id,SimulationState', 'filters': 'ExperimentId=2d45dc01-fd54-eb11-a2dd-c4346bcb7271', 'count': 100000}
01/12 09:57:51 [DEBUG] [9908] [COMPS.Client] REQUEST -> GET https://comps.idmod.org/api/Simulations {'fields': 'Id,SimulationState', 'filters': 'ExperimentId=2d45dc01-fd54-eb11-a2dd-c4346bcb7271', 'count': 100000}
01/12 09:57:56 [DEBUG] [9908] [COMPS.Client] REQUEST -> GET https://comps.idmod.org/api/Simulations {'fields': 'Id,SimulationState', 'filters': 'ExperimentId=2d45dc01-fd54-eb11-a2dd-c4346bcb7271', 'count': 100000}
01/12 09:58:02 [DEBUG] [9908] [COMPS.Client] REQUEST -> GET https://comps.idmod.org/api/Simulations {'fields': 'Id,SimulationState', 'filters': 'ExperimentId=2d45dc01-fd54-eb11-a2dd-c4346bcb7271', 'count': 100000}
01/12 09:58:07 [DEBUG] [9908] [COMPS.Client] REQUEST -> GET https://comps.idmod.org/api/Simulations {'fields': 'Id,SimulationState', 'filters': 'ExperimentId=2d45dc01-fd54-eb11-a2dd-c4346bcb7271', 'count': 100000}
01/12 09:58:12 [DEBUG] [9908] [COMPS.Client] REQUEST -> GET https://comps.idmod.org/api/Simulations {'fields': 'Id,SimulationState', 'filters': 'ExperimentId=2d45dc01-fd54-eb11-a2dd-c4346bcb7271', 'count': 100000}
01/12 09:58:17 [DEBUG] [9908] [COMPS.Client] REQUEST -> GET https://comps.idmod.org/api/Simulations {'fields': 'Id,SimulationState', 'filters': 'ExperimentId=2d45dc01-fd54-eb11-a2dd-c4346bcb7271', 'count': 100000}
01/12 09:58:22 [DEBUG] [9908] [COMPS.Client] REQUEST -> GET https://comps.idmod.org/api/Simulations {'fields': 'Id,SimulationState', 'filters': 'ExperimentId=2d45dc01-fd54-eb11-a2dd-c4346bcb7271', 'count': 100000}
01/12 09:58:27 [DEBUG] [9908] [COMPS.Client] REQUEST -> GET https://comps.idmod.org/api/Simulations {'fields': 'Id,SimulationState', 'filters': 'ExperimentId=2d45dc01-fd54-eb11-a2dd-c4346bcb7271', 'count': 100000}
01/12 09:58:32 [DEBUG] [9908] [COMPS.Client] REQUEST -> GET https://comps.idmod.org/api/Simulations {'fields': 'Id,SimulationState', 'filters': 'ExperimentId=2d45dc01-fd54-eb11-a2dd-c4346bcb7271', 'count': 100000}
01/12 09:58:37 [DEBUG] [9908] [COMPS.Client] REQUEST -> GET https://comps.idmod.org/api/Simulations {'fields': 'Id,SimulationState', 'filters': 'ExperimentId=2d45dc01-fd54-eb11-a2dd-c4346bcb7271', 'count': 100000}
01/12 09:58:42 [DEBUG] [9908] [COMPS.Client] REQUEST -> GET https://comps.idmod.org/api/Simulations {'fields': 'Id,SimulationState', 'filters': 'ExperimentId=2d45dc01-fd54-eb11-a2dd-c4346bcb7271', 'count': 100000}
01/12 09:58:47 [DEBUG] [9908] [COMPS.Client] REQUEST -> GET https://comps.idmod.org/api/Simulations {'fields': 'Id,SimulationState', 'filters': 'ExperimentId=2d45dc01-fd54-eb11-a2dd-c4346bcb7271', 'count': 100000}
01/12 09:58:53 [DEBUG] [9908] [COMPS.Client] REQUEST -> GET https://comps.idmod.org/api/Simulations {'fields': 'Id,SimulationState', 'filters': 'ExperimentId=2d45dc01-fd54-eb11-a2dd-c4346bcb7271', 'count': 100000}
01/12 09:58:58 [DEBUG] [9908] [COMPS.Client] REQUEST -> GET https://comps.idmod.org/api/Simulations {'fields': 'Id,SimulationState', 'filters': 'ExperimentId=2d45dc01-fd54-eb11-a2dd-c4346bcb7271', 'count': 100000}
01/12 09:59:03 [DEBUG] [9908] [COMPS.Client] REQUEST -> GET https://comps.idmod.org/api/Simulations {'fields': 'Id,SimulationState', 'filters': 'ExperimentId=2d45dc01-fd54-eb11-a2dd-c4346bcb7271', 'count': 100000}
01/12 09:59:08 [DEBUG] [9908] [COMPS.Client] REQUEST -> GET https://comps.idmod.org/api/Simulations {'fields': 'Id,SimulationState', 'filters': 'ExperimentId=2d45dc01-fd54-eb11-a2dd-c4346bcb7271', 'count': 100000}
01/12 09:59:13 [DEBUG] [9908] [COMPS.Client] REQUEST -> GET https://comps.idmod.org/api/Simulations {'fields': 'Id,SimulationState', 'filters': 'ExperimentId=2d45dc01-fd54-eb11-a2dd-c4346bcb7271', 'count': 100000}
01/12 09:59:18 [DEBUG] [9908] [COMPS.Client] REQUEST -> GET https://comps.idmod.org/api/Simulations {'fields': 'Id,SimulationState', 'filters': 'ExperimentId=2d45dc01-fd54-eb11-a2dd-c4346bcb7271', 'count': 100000}
01/12 09:59:23 [DEBUG] [9908] [COMPS.Client] REQUEST -> GET https://comps.idmod.org/api/Simulations {'fields': 'Id,SimulationState', 'filters': 'ExperimentId=2d45dc01-fd54-eb11-a2dd-c4346bcb7271', 'count': 100000}
01/12 09:59:29 [DEBUG] [9908] [COMPS.Client] REQUEST -> GET https://comps.idmod.org/api/Simulations {'fields': 'Id,SimulationState', 'filters': 'ExperimentId=2d45dc01-fd54-eb11-a2dd-c4346bcb7271', 'count': 100000}
01/12 09:59:34 [DEBUG] [9908] [COMPS.Client] REQUEST -> GET https://comps.idmod.org/api/Simulations {'fields': 'Id,SimulationState', 'filters': 'ExperimentId=2d45dc01-fd54-eb11-a2dd-c4346bcb7271', 'count': 100000}
01/12 09:59:39 [DEBUG] [9908] [COMPS.Client] REQUEST -> GET https://comps.idmod.org/api/Simulations {'fields': 'Id,SimulationState', 'filters': 'ExperimentId=2d45dc01-fd54-eb11-a2dd-c4346bcb7271', 'count': 100000}
01/12 09:59:44 [DEBUG] [9908] [COMPS.Client] REQUEST -> GET https://comps.idmod.org/api/Simulations {'fields': 'Id,SimulationState', 'filters': 'ExperimentId=2d45dc01-fd54-eb11-a2dd-c4346bcb7271', 'count': 100000}
01/12 09:59:49 [DEBUG] [9908] [COMPS.Client] REQUEST -> GET https://comps.idmod.org/api/Simulations {'fields': 'Id,SimulationState', 'filters': 'ExperimentId=2d45dc01-fd54-eb11-a2dd-c4346bcb7271', 'count': 100000}
01/12 09:59:54 [DEBUG] [9908] [COMPS.Client] REQUEST -> GET https://comps.idmod.org/api/Simulations {'fields': 'Id,SimulationState', 'filters': 'ExperimentId=2d45dc01-fd54-eb11-a2dd-c4346bcb7271', 'count': 100000}
01/12 09:59:59 [DEBUG] [9908] [COMPS.Client] REQUEST -> GET https://comps.idmod.org/api/Simulations {'fields': 'Id,SimulationState', 'filters': 'ExperimentId=2d45dc01-fd54-eb11-a2dd-c4346bcb7271', 'count': 100000}
01/12 10:00:04 [DEBUG] [9908] [COMPS.Client] REQUEST -> GET https://comps.idmod.org/api/Simulations {'fields': 'Id,SimulationState', 'filters': 'ExperimentId=2d45dc01-fd54-eb11-a2dd-c4346bcb7271', 'count': 100000}
01/12 10:00:09 [DEBUG] [9908] [COMPS.Client] REQUEST -> GET https://comps.idmod.org/api/Simulations {'fields': 'Id,SimulationState', 'filters': 'ExperimentId=2d45dc01-fd54-eb11-a2dd-c4346bcb7271', 'count': 100000}
01/12 10:00:15 [DEBUG] [9908] [COMPS.Client] REQUEST -> GET https://comps.idmod.org/api/Simulations {'fields': 'Id,SimulationState', 'filters': 'ExperimentId=2d45dc01-fd54-eb11-a2dd-c4346bcb7271', 'count': 100000}
01/12 10:00:20 [DEBUG] [9908] [COMPS.Client] REQUEST -> GET https://comps.idmod.org/api/Simulations {'fields': 'Id,SimulationState', 'filters': 'ExperimentId=2d45dc01-fd54-eb11-a2dd-c4346bcb7271', 'count': 100000}
01/12 10:00:25 [DEBUG] [9908] [COMPS.Client] REQUEST -> GET https://comps.idmod.org/api/Simulations {'fields': 'Id,SimulationState', 'filters': 'ExperimentId=2d45dc01-fd54-eb11-a2dd-c4346bcb7271', 'count': 100000}
01/12 10:00:30 [DEBUG] [9908] [COMPS.Client] REQUEST -> GET https://comps.idmod.org/api/Simulations {'fields': 'Id,SimulationState', 'filters': 'ExperimentId=2d45dc01-fd54-eb11-a2dd-c4346bcb7271', 'count': 100000}
01/12 10:00:35 [DEBUG] [9908] [COMPS.Client] REQUEST -> GET https://comps.idmod.org/api/Simulations {'fields': 'Id,SimulationState', 'filters': 'ExperimentId=2d45dc01-fd54-eb11-a2dd-c4346bcb7271', 'count': 100000}
01/12 10:00:40 [DEBUG] [9908] [COMPS.Client] REQUEST -> GET https://comps.idmod.org/api/Simulations {'fields': 'Id,SimulationState', 'filters': 'ExperimentId=2d45dc01-fd54-eb11-a2dd-c4346bcb7271', 'count': 100000}
01/12 10:00:45 [DEBUG] [9908] [COMPS.Client] REQUEST -> GET https://comps.idmod.org/api/Simulations {'fields': 'Id,SimulationState', 'filters': 'ExperimentId=2d45dc01-fd54-eb11-a2dd-c4346bcb7271', 'count': 100000}
01/12 10:00:50 [DEBUG] [9908] [COMPS.Client] REQUEST -> GET https://comps.idmod.org/api/Simulations {'fields': 'Id,SimulationState', 'filters': 'ExperimentId=2d45dc01-fd54-eb11-a2dd-c4346bcb7271', 'count': 100000}
01/12 10:00:55 [DEBUG] [9908] [COMPS.Client] REQUEST -> GET https://comps.idmod.org/api/Simulations {'fields': 'Id,SimulationState', 'filters': 'ExperimentId=2d45dc01-fd54-eb11-a2dd-c4346bcb7271', 'count': 100000}
01/12 10:01:01 [DEBUG] [9908] [COMPS.Client] REQUEST -> GET https://comps.idmod.org/api/Simulations {'fields': 'Id,SimulationState', 'filters': 'ExperimentId=2d45dc01-fd54-eb11-a2dd-c4346bcb7271', 'count': 100000}
01/12 10:01:06 [DEBUG] [9908] [COMPS.Client] REQUEST -> GET https://comps.idmod.org/api/Simulations {'fields': 'Id,SimulationState', 'filters': 'ExperimentId=2d45dc01-fd54-eb11-a2dd-c4346bcb7271', 'count': 100000}
01/12 10:01:11 [DEBUG] [9908] [COMPS.Client] REQUEST -> GET https://comps.idmod.org/api/Simulations {'fields': 'Id,SimulationState', 'filters': 'ExperimentId=2d45dc01-fd54-eb11-a2dd-c4346bcb7271', 'count': 100000}
01/12 10:01:16 [DEBUG] [9908] [COMPS.Client] REQUEST -> GET https://comps.idmod.org/api/Simulations {'fields': 'Id,SimulationState', 'filters': 'ExperimentId=2d45dc01-fd54-eb11-a2dd-c4346bcb7271', 'count': 100000}
01/12 10:01:21 [DEBUG] [9908] [COMPS.Client] REQUEST -> GET https://comps.idmod.org/api/Simulations {'fields': 'Id,SimulationState', 'filters': 'ExperimentId=2d45dc01-fd54-eb11-a2dd-c4346bcb7271', 'count': 100000}
01/12 10:01:26 [DEBUG] [9908] [COMPS.Client] REQUEST -> GET https://comps.idmod.org/api/Simulations {'fields': 'Id,SimulationState', 'filters': 'ExperimentId=2d45dc01-fd54-eb11-a2dd-c4346bcb7271', 'count': 100000}
01/12 10:01:31 [DEBUG] [9908] [COMPS.Client] REQUEST -> GET https://comps.idmod.org/api/Simulations {'fields': 'Id,SimulationState', 'filters': 'ExperimentId=2d45dc01-fd54-eb11-a2dd-c4346bcb7271', 'count': 100000}
01/12 10:01:36 [DEBUG] [9908] [COMPS.Client] REQUEST -> GET https://comps.idmod.org/api/Simulations {'fields': 'Id,SimulationState', 'filters': 'ExperimentId=2d45dc01-fd54-eb11-a2dd-c4346bcb7271', 'count': 100000}
01/12 10:01:41 [DEBUG] [9908] [COMPS.Client] REQUEST -> GET https://comps.idmod.org/api/Simulations {'fields': 'Id,SimulationState', 'filters': 'ExperimentId=2d45dc01-fd54-eb11-a2dd-c4346bcb7271', 'count': 100000}
01/12 10:01:47 [DEBUG] [9908] [COMPS.Client] REQUEST -> GET https://comps.idmod.org/api/Simulations {'fields': 'Id,SimulationState', 'filters': 'ExperimentId=2d45dc01-fd54-eb11-a2dd-c4346bcb7271', 'count': 100000}
01/12 10:01:52 [DEBUG] [9908] [COMPS.Client] REQUEST -> GET https://comps.idmod.org/api/Simulations {'fields': 'Id,SimulationState', 'filters': 'ExperimentId=2d45dc01-fd54-eb11-a2dd-c4346bcb7271', 'count': 100000}
01/12 10:01:57 [DEBUG] [9908] [COMPS.Client] REQUEST -> GET https://comps.idmod.org/api/Simulations {'fields': 'Id,SimulationState', 'filters': 'ExperimentId=2d45dc01-fd54-eb11-a2dd-c4346bcb7271', 'count': 100000}
01/12 10:02:02 [DEBUG] [9908] [COMPS.Client] REQUEST -> GET https://comps.idmod.org/api/Simulations {'fields': 'Id,SimulationState', 'filters': 'ExperimentId=2d45dc01-fd54-eb11-a2dd-c4346bcb7271', 'count': 100000}
01/12 10:02:07 [DEBUG] [9908] [COMPS.Client] REQUEST -> GET https://comps.idmod.org/api/Simulations {'fields': 'Id,SimulationState', 'filters': 'ExperimentId=2d45dc01-fd54-eb11-a2dd-c4346bcb7271', 'count': 100000}
01/12 10:02:12 [DEBUG] [9908] [COMPS.Client] REQUEST -> GET https://comps.idmod.org/api/Simulations {'fields': 'Id,SimulationState', 'filters': 'ExperimentId=2d45dc01-fd54-eb11-a2dd-c4346bcb7271', 'count': 100000}
01/12 10:02:17 [DEBUG] [9908] [COMPS.Client] REQUEST -> GET https://comps.idmod.org/api/Simulations {'fields': 'Id,SimulationState', 'filters': 'ExperimentId=2d45dc01-fd54-eb11-a2dd-c4346bcb7271', 'count': 100000}
01/12 10:02:22 [DEBUG] [9908] [COMPS.Client] REQUEST -> GET https://comps.idmod.org/api/Simulations {'fields': 'Id,SimulationState', 'filters': 'ExperimentId=2d45dc01-fd54-eb11-a2dd-c4346bcb7271', 'count': 100000}
01/12 10:02:27 [DEBUG] [9908] [COMPS.Client] REQUEST -> GET https://comps.idmod.org/api/Simulations {'fields': 'Id,SimulationState', 'filters': 'ExperimentId=2d45dc01-fd54-eb11-a2dd-c4346bcb7271', 'count': 100000}
01/12 10:02:33 [DEBUG] [9908] [COMPS.Client] REQUEST -> GET https://comps.idmod.org/api/Simulations {'fields': 'Id,SimulationState', 'filters': 'ExperimentId=2d45dc01-fd54-eb11-a2dd-c4346bcb7271', 'count': 100000}
01/12 10:02:38 [DEBUG] [9908] [COMPS.Client] REQUEST -> GET https://comps.idmod.org/api/Simulations {'fields': 'Id,SimulationState', 'filters': 'ExperimentId=2d45dc01-fd54-eb11-a2dd-c4346bcb7271', 'count': 100000}
01/12 10:02:43 [DEBUG] [9908] [COMPS.Client] REQUEST -> GET https://comps.idmod.org/api/Simulations {'fields': 'Id,SimulationState', 'filters': 'ExperimentId=2d45dc01-fd54-eb11-a2dd-c4346bcb7271', 'count': 100000}
01/12 10:02:48 [DEBUG] [9908] [COMPS.Client] REQUEST -> GET https://comps.idmod.org/api/Simulations {'fields': 'Id,SimulationState', 'filters': 'ExperimentId=2d45dc01-fd54-eb11-a2dd-c4346bcb7271', 'count': 100000}
01/12 10:02:53 [DEBUG] [9908] [COMPS.Client] REQUEST -> GET https://comps.idmod.org/api/Simulations {'fields': 'Id,SimulationState', 'filters': 'ExperimentId=2d45dc01-fd54-eb11-a2dd-c4346bcb7271', 'count': 100000}
01/12 10:02:58 [DEBUG] [9908] [COMPS.Client] REQUEST -> GET https://comps.idmod.org/api/Simulations {'fields': 'Id,SimulationState', 'filters': 'ExperimentId=2d45dc01-fd54-eb11-a2dd-c4346bcb7271', 'count': 100000}
01/12 10:03:03 [DEBUG] [9908] [COMPS.Client] REQUEST -> GET https://comps.idmod.org/api/Simulations {'fields': 'Id,SimulationState', 'filters': 'ExperimentId=2d45dc01-fd54-eb11-a2dd-c4346bcb7271', 'count': 100000}
01/12 10:03:08 [DEBUG] [9908] [COMPS.Client] REQUEST -> GET https://comps.idmod.org/api/Simulations {'fields': 'Id,SimulationState', 'filters': 'ExperimentId=2d45dc01-fd54-eb11-a2dd-c4346bcb7271', 'count': 100000}
01/12 10:03:14 [DEBUG] [9908] [COMPS.Client] REQUEST -> GET https://comps.idmod.org/api/Simulations {'fields': 'Id,SimulationState', 'filters': 'ExperimentId=2d45dc01-fd54-eb11-a2dd-c4346bcb7271', 'count': 100000}
01/12 10:03:19 [DEBUG] [9908] [COMPS.Client] REQUEST -> GET https://comps.idmod.org/api/Simulations {'fields': 'Id,SimulationState', 'filters': 'ExperimentId=2d45dc01-fd54-eb11-a2dd-c4346bcb7271', 'count': 100000}
01/12 10:03:24 [DEBUG] [9908] [COMPS.Client] REQUEST -> GET https://comps.idmod.org/api/Simulations {'fields': 'Id,SimulationState', 'filters': 'ExperimentId=2d45dc01-fd54-eb11-a2dd-c4346bcb7271', 'count': 100000}
01/12 10:03:29 [DEBUG] [9908] [COMPS.Client] REQUEST -> GET https://comps.idmod.org/api/Simulations {'fields': 'Id,SimulationState', 'filters': 'ExperimentId=2d45dc01-fd54-eb11-a2dd-c4346bcb7271', 'count': 100000}
01/12 10:03:34 [DEBUG] [9908] [COMPS.Client] REQUEST -> GET https://comps.idmod.org/api/Simulations {'fields': 'Id,SimulationState', 'filters': 'ExperimentId=2d45dc01-fd54-eb11-a2dd-c4346bcb7271', 'count': 100000}
01/12 10:03:39 [DEBUG] [9908] [COMPS.Client] REQUEST -> GET https://comps.idmod.org/api/Simulations {'fields': 'Id,SimulationState', 'filters': 'ExperimentId=2d45dc01-fd54-eb11-a2dd-c4346bcb7271', 'count': 100000}
01/12 10:03:44 [DEBUG] [9908] [COMPS.Client] REQUEST -> GET https://comps.idmod.org/api/Simulations {'fields': 'Id,SimulationState', 'filters': 'ExperimentId=2d45dc01-fd54-eb11-a2dd-c4346bcb7271', 'count': 100000}
01/12 10:03:49 [DEBUG] [9908] [COMPS.Client] REQUEST -> GET https://comps.idmod.org/api/Simulations {'fields': 'Id,SimulationState', 'filters': 'ExperimentId=2d45dc01-fd54-eb11-a2dd-c4346bcb7271', 'count': 100000}
01/12 10:03:54 [DEBUG] [9908] [COMPS.Client] REQUEST -> GET https://comps.idmod.org/api/Simulations {'fields': 'Id,SimulationState', 'filters': 'ExperimentId=2d45dc01-fd54-eb11-a2dd-c4346bcb7271', 'count': 100000}
01/12 10:04:00 [DEBUG] [9908] [COMPS.Client] REQUEST -> GET https://comps.idmod.org/api/Simulations {'fields': 'Id,SimulationState', 'filters': 'ExperimentId=2d45dc01-fd54-eb11-a2dd-c4346bcb7271', 'count': 100000}
01/12 10:04:05 [DEBUG] [9908] [COMPS.Client] REQUEST -> GET https://comps.idmod.org/api/Simulations {'fields': 'Id,SimulationState', 'filters': 'ExperimentId=2d45dc01-fd54-eb11-a2dd-c4346bcb7271', 'count': 100000}
01/12 10:04:10 [DEBUG] [9908] [COMPS.Client] REQUEST -> GET https://comps.idmod.org/api/Simulations {'fields': 'Id,SimulationState', 'filters': 'ExperimentId=2d45dc01-fd54-eb11-a2dd-c4346bcb7271', 'count': 100000}
